Added Component: Designator=C17(CAPC2013X70X45NL10T25)
Add component (AddParameter): Name = "Manufacturer"; Value = "Murata"; VariantName = "[No Variations]"
Add component (AddParameter): Name = "Part Number"; Value = "GRM216R61E105KA12D"; VariantName = "[No Variations]"
Added Component: Designator=C18(CAPC2013X70X45NL10T25)
Add component (AddParameter): Name = "Manufacturer"; Value = "Murata"; VariantName = "[No Variations]"
Add component (AddParameter): Name = "Part Number"; Value = "GRM216R61E105KA12D"; VariantName = "[No Variations]"
Added Component: Designator=C19(CAPC2013X70X45NL10T25)
Add component (AddParameter): Name = "Manufacturer"; Value = "Murata"; VariantName = "[No Variations]"
Add component (AddParameter): Name = "Part Number"; Value = "GRM216R61E105KA12D"; VariantName = "[No Variations]"
Added Component: Designator=C20(CAPC2013X70X45NL10T25)
Add component (AddParameter): Name = "Manufacturer"; Value = "Murata"; VariantName = "[No Variations]"
Add component (AddParameter): Name = "Part Number"; Value = "GRM216R61E105KA12D"; VariantName = "[No Variations]"
Added Pin To Net: NetName=+5 Pin=C17-1
Added Pin To Net: NetName=GND Pin=C17-2
Added Pin To Net: NetName=+5 Pin=C18-1
Added Pin To Net: NetName=GND Pin=C18-2
Added Pin To Net: NetName=+5 Pin=C19-1
Added Pin To Net: NetName=GND Pin=C19-2
Added Pin To Net: NetName=+5 Pin=C20-1
Added Pin To Net: NetName=GND Pin=C20-2
Added Member To Class: ClassName=mainSchem Member=Component C17 GRM216R61E105KA12D
Added Member To Class: ClassName=mainSchem Member=Component C18 GRM216R61E105KA12D
Added Member To Class: ClassName=mainSchem Member=Component C19 GRM216R61E105KA12D
Added Member To Class: ClassName=mainSchem Member=Component C20 GRM216R61E105KA12D
Added Member To Class: ClassName=mainSchem Member=Component J7 B4B-PH-SM4-TB
