Change Component Designator: OldDesignator=U? NewDesignator=U3
Added Component: Designator=C1(CAPC2013X70X45NL10T25)
Add component (AddParameter): Name = "Manufacturer"; Value = "Murata"; VariantName = "[No Variations]"
Add component (AddParameter): Name = "Part Number"; Value = "GRM216R61E105KA12D"; VariantName = "[No Variations]"
Added Component: Designator=C2(CAPC2013X70X45NL10T25)
Add component (AddParameter): Name = "Manufacturer"; Value = "Murata"; VariantName = "[No Variations]"
Add component (AddParameter): Name = "Part Number"; Value = "GRM216R61E105KA12D"; VariantName = "[No Variations]"
Added Component: Designator=C3(CAPC2013X135X50LL10T20)
Add component (AddParameter): Name = "Manufacturer"; Value = "Murata"; VariantName = "[No Variations]"
Add component (AddParameter): Name = "Part Number"; Value = "GRM21BR61C106KE15L"; VariantName = "[No Variations]"
Added Pin To Net: NetName=+12 Pin=C1-1
Added Pin To Net: NetName=GND Pin=C1-2
Added Pin To Net: NetName=+12 Pin=C2-1
Added Pin To Net: NetName=GND Pin=C2-2
Added Pin To Net: NetName=+5 Pin=C3-1
Added Pin To Net: NetName=GND Pin=C3-2
Added Pin To Net: NetName=+12 Pin=U3-A2
Added Pin To Net: NetName=GND Pin=U3-D5
Added Pin To Net: NetName=+5 Pin=U3-E1
Added Pin To Net: NetName=+5 Pin=U3-E2
Added Member To Class: ClassName=mainSchem Member=Component C1 GRM216R61E105KA12D
Added Member To Class: ClassName=mainSchem Member=Component C2 GRM216R61E105KA12D
Added Member To Class: ClassName=mainSchem Member=Component C3 GRM21BR61C106KE15L
