Added Component: Designator=C15(PNSC-FP-V-G_V)
Add component (AddParameter): Name = "Capacitance"; Value = "470µF"; VariantName = "[No Variations]"
Add component (AddParameter): Name = "Case Size/Dimension"; Value = "Ø10x10.2mm"; VariantName = "[No Variations]"
Add component (AddParameter): Name = "Datasheet URL"; Value = "http://industrial.panasonic.com/cdbs/www-data/pdf/RDE0000/ABA0000C1184.pdf"; VariantName = "[No Variations]"
Add component (AddParameter): Name = "Datasheet Version"; Value = "03/2016"; VariantName = "[No Variations]"
Add component (AddParameter): Name = "ESR (Equivalent Series Resistance)"; Value = "0.06O"; VariantName = "[No Variations]"
Add component (AddParameter): Name = "Lifetime@Temperature"; Value = "2000Hrs@105°C"; VariantName = "[No Variations]"
Add component (AddParameter): Name = "Manufacturer"; Value = "Panasonic"; VariantName = "[No Variations]"
Add component (AddParameter): Name = "Manufacturer URL"; Value = "http://www.panasonic.com/"; VariantName = "[No Variations]"
Add component (AddParameter): Name = "Mounting Technology"; Value = "SurfaceMount"; VariantName = "[No Variations]"
Add component (AddParameter): Name = "Operating Temp Range"; Value = "-55to+105°C"; VariantName = "[No Variations]"
Add component (AddParameter): Name = "Operating Temp-Max"; Value = "105°C"; VariantName = "[No Variations]"
Add component (AddParameter): Name = "Package Description"; Value = "2-Pin Electrolytic Aluminum Capacitor, Body 10.3 x 10.3 mm"; VariantName = "[No Variations]"
Add component (AddParameter): Name = "Package Reference"; Value = "FP-V-G"; VariantName = "[No Variations]"
Add component (AddParameter): Name = "Package URL"; Value = "http://industrial.panasonic.com/cdbs/www-data/pdf/RDE0000/DME0000COL48.pdf"; VariantName = "[No Variations]"
Add component (AddParameter): Name = "Rated Voltage"; Value = "25V"; VariantName = "[No Variations]"
Add component (AddParameter): Name = "Ripple Current"; Value = "1190mA"; VariantName = "[No Variations]"
Add component (AddParameter): Name = "Series"; Value = "FP"; VariantName = "[No Variations]"
Add component (AddParameter): Name = "Type"; Value = "Can"; VariantName = "[No Variations]"
Added Pin To Net: NetName=+12 Pin=C15-1
Added Pin To Net: NetName=GND Pin=C15-2
Added Member To Class: ClassName=mainSchem Member=Component C15 EEEFP1E471AP
Added Member To Class: ClassName=mainSchem Member=Component J7 B4B-PH-SM4-TB
